<?xml version="1.0" encoding="UTF-8"?>
<!-- Generated by org.testng.reporters.JUnitReportReporter -->
<testsuite skipped="0" hostname="QA102" name="Distology.Customerdata" tests="1" failures="0" timestamp="13 Jul 2018 07:53:00 GMT" time="19.948" errors="0">
  <testcase name="createCustomer" time="19.948" classname="Distology.Customerdata"/>
</testsuite> <!-- Distology.Customerdata -->
