<?xml version="1.0" encoding="UTF-8"?>
<!-- Generated by org.testng.reporters.JUnitReportReporter -->
<testsuite skipped="1" hostname="QA102" name="Distology.VendorNavigate" tests="3" failures="0" timestamp="05 Jun 2018 09:32:03 GMT" time="34.054" errors="0">
  <testcase name="vendorNavigate" time="32.114" classname="Distology.VendorNavigate"/>
  <testcase name="getVendor" time="1.940" classname="Distology.VendorNavigate"/>
  <testcase name="addVendor" classname="Distology.VendorNavigate">
    <skipped/>
  </testcase> <!-- addVendor -->
</testsuite> <!-- Distology.VendorNavigate -->
