<?xml version="1.0" encoding="UTF-8"?>
<!-- Generated by org.testng.reporters.JUnitReportReporter -->
<testsuite skipped="0" hostname="QA102" name="Distology.customerNavigate" tests="2" failures="0" timestamp="20 Jul 2018 09:46:54 GMT" time="39.294" errors="0">
  <testcase name="customerNavigate" time="34.163" classname="Distology.customerNavigate"/>
  <testcase name="customerValidations" time="5.131" classname="Distology.customerNavigate"/>
</testsuite> <!-- Distology.customerNavigate -->
