<?xml version="1.0" encoding="UTF-8"?>
<!-- Generated by org.testng.reporters.JUnitReportReporter -->
<testsuite skipped="0" hostname="QA102" name="Distology.AddLicense" tests="1" failures="0" timestamp="06 Jun 2018 10:04:53 GMT" time="73.876" errors="0">
  <testcase name="addMasterLicense" time="73.876" classname="Distology.AddLicense"/>
</testsuite> <!-- Distology.AddLicense -->
