<?xml version="1.0" encoding="UTF-8"?>
<!-- Generated by org.testng.reporters.JUnitReportReporter -->
<testsuite skipped="0" hostname="QA102" name="TestNG.NewClass" tests="2" failures="0" timestamp="24 May 2018 14:36:21 GMT" time="0.013" errors="0">
  <testcase name="display" time="0.005" classname="TestNG.NewClass"/>
  <testcase name="printName" time="0.008" classname="TestNG.NewClass"/>
</testsuite> <!-- TestNG.NewClass -->
