<?xml version="1.0" encoding="UTF-8"?>
<!-- Generated by org.testng.reporters.JUnitReportReporter -->
<testsuite skipped="0" hostname="QA102" name="Distology.Customerdata" tests="1" failures="0" timestamp="20 Jun 2018 10:45:50 GMT" time="27.855" errors="0">
  <testcase name="createCustomer" time="27.855" classname="Distology.Customerdata"/>
</testsuite> <!-- Distology.Customerdata -->
