<?xml version="1.0" encoding="UTF-8"?>
<!-- Generated by org.testng.reporters.JUnitReportReporter -->
<testsuite skipped="0" hostname="QA102" name="Distology.Customerdata" tests="1" failures="0" timestamp="20 Jul 2018 10:13:57 GMT" time="40.771" errors="0">
  <testcase name="createCustomer" time="40.771" classname="Distology.Customerdata"/>
</testsuite> <!-- Distology.Customerdata -->
