<?xml version="1.0" encoding="UTF-8"?>
<!-- Generated by org.testng.reporters.JUnitReportReporter -->
<testsuite skipped="0" hostname="QA102" name="Distology.Base" tests="1" failures="0" timestamp="31 May 2018 11:54:05 GMT" time="32.543" errors="0">
  <testcase name="initialize" time="32.543" classname="Distology.Base"/>
</testsuite> <!-- Distology.Base -->
