<?xml version="1.0" encoding="UTF-8"?>
<!-- Generated by org.testng.reporters.JUnitReportReporter -->
<testsuite skipped="0" hostname="QA102" name="Distology.LoginTest" tests="1" failures="0" timestamp="28 May 2018 13:44:01 GMT" time="1.581" errors="0">
  <testcase name="DistologyLogin" time="1.581" classname="Distology.LoginTest"/>
</testsuite> <!-- Distology.LoginTest -->
