<?xml version="1.0" encoding="UTF-8"?>
<!-- Generated by org.testng.reporters.JUnitReportReporter -->
<<<<<<< Updated upstream
<testsuite skipped="0" hostname="QA102" name="Distology.Customerdata" tests="1" failures="0" timestamp="20 Jul 2018 10:13:57 GMT" time="40.771" errors="0">
  <testcase name="createCustomer" time="40.771" classname="Distology.Customerdata"/>
=======
<testsuite skipped="1" hostname="DESKTOP-3NQGG2R" name="Distology.Customerdata" tests="1" failures="0" timestamp="21 Jul 2018 14:40:51 GMT" time="0.000" errors="0">
  <testcase name="createCustomer" time="0.000" classname="Distology.Customerdata">
    <skipped/>
  </testcase> <!-- createCustomer -->
>>>>>>> Stashed changes
</testsuite> <!-- Distology.Customerdata -->
