<?xml version="1.0" encoding="UTF-8"?>
<!-- Generated by org.testng.reporters.JUnitReportReporter -->
<testsuite skipped="1" hostname="QA102" name="Distology.VendorNavigate" tests="3" failures="0" timestamp="20 Jul 2018 09:46:54 GMT" time="87.251" errors="0">
  <testcase name="vendorNavigate" time="79.786" classname="Distology.VendorNavigate"/>
  <testcase name="getVendor" time="7.465" classname="Distology.VendorNavigate"/>
  <testcase name="addVendor" classname="Distology.VendorNavigate">
    <skipped/>
  </testcase> <!-- addVendor -->
</testsuite> <!-- Distology.VendorNavigate -->
