<?xml version="1.0" encoding="UTF-8"?>
<!-- Generated by org.testng.reporters.JUnitReportReporter -->
<testsuite skipped="0" hostname="QA102" name="Distology.Just" tests="1" failures="0" timestamp="09 Jul 2018 12:57:19 GMT" time="1.411" errors="0">
  <testcase name="writeData" time="1.411" classname="Distology.Just"/>
</testsuite> <!-- Distology.Just -->
