<?xml version="1.0" encoding="UTF-8"?>
<!-- Generated by org.testng.reporters.JUnitReportReporter -->
<testsuite skipped="0" hostname="QA102" name="Distology.AddPlatform" tests="1" failures="0" timestamp="06 Jun 2018 07:15:20 GMT" time="44.257" errors="0">
  <testcase name="addMasterPlatform" time="44.257" classname="Distology.AddPlatform"/>
</testsuite> <!-- Distology.AddPlatform -->
