<?xml version="1.0" encoding="UTF-8"?>
<!-- Generated by org.testng.reporters.JUnitReportReporter -->
<testsuite skipped="0" hostname="QA102" name="TestNG.NewClass1" tests="1" failures="0" timestamp="24 May 2018 14:36:21 GMT" time="0.003" errors="0">
  <testcase name="method" time="0.003" classname="TestNG.NewClass1"/>
</testsuite> <!-- TestNG.NewClass1 -->
