<?xml version="1.0" encoding="UTF-8"?>
<!-- Generated by org.testng.reporters.JUnitReportReporter -->
<testsuite skipped="0" hostname="QA102" name="Distology.Just" tests="1" failures="0" timestamp="06 Jul 2018 14:17:46 GMT" time="1.159" errors="0">
  <testcase name="writeData" time="1.159" classname="Distology.Just"/>
</testsuite> <!-- Distology.Just -->
