<?xml version="1.0" encoding="UTF-8"?>
<!-- Generated by org.testng.reporters.JUnitReportReporter -->
<testsuite skipped="0" hostname="QA102" name="TestNG.Base" tests="1" failures="0" timestamp="28 May 2018 11:23:59 GMT" time="0.917" errors="0">
  <testcase name="DistologyLogin" time="0.917" classname="TestNG.Base"/>
</testsuite> <!-- TestNG.Base -->
