<?xml version="1.0" encoding="UTF-8"?>
<!-- Generated by org.testng.reporters.JUnitReportReporter -->
<testsuite skipped="0" hostname="QA102" name="Distology.Customerdata" tests="1" failures="0" timestamp="10 Jul 2018 05:38:05 GMT" time="30.165" errors="0">
  <testcase name="createCustomer" time="30.165" classname="Distology.Customerdata"/>
</testsuite> <!-- Distology.Customerdata -->
