<?xml version="1.0" encoding="UTF-8"?>
<!-- Generated by org.testng.reporters.JUnitReportReporter -->
<testsuite skipped="0" hostname="QA102" name="Distology.customerNavigate" tests="2" failures="0" timestamp="06 Jun 2018 14:24:02 GMT" time="26.363" errors="0">
  <testcase name="customerNavigate" time="23.466" classname="Distology.customerNavigate"/>
  <testcase name="customerValidations" time="2.897" classname="Distology.customerNavigate"/>
</testsuite> <!-- Distology.customerNavigate -->
