<?xml version="1.0" encoding="UTF-8"?>
<!-- Generated by org.testng.reporters.JUnitReportReporter -->
<testsuite skipped="1" hostname="QA102" name="Distology.VendorNavigate" tests="3" failures="0" timestamp="06 Jun 2018 13:15:12 GMT" time="66.200" errors="0">
  <testcase name="getVendor" time="3.966" classname="Distology.VendorNavigate"/>
  <testcase name="vendorNavigate" time="62.234" classname="Distology.VendorNavigate"/>
  <testcase name="addVendor" classname="Distology.VendorNavigate">
    <skipped/>
  </testcase> <!-- addVendor -->
</testsuite> <!-- Distology.VendorNavigate -->
