<?xml version="1.0" encoding="UTF-8"?>
<!-- Generated by org.testng.reporters.JUnitReportReporter -->
<testsuite skipped="0" hostname="QA102" name="Distology.AddLicense" tests="1" failures="0" timestamp="07 Jun 2018 07:06:47 GMT" time="38.054" errors="0">
  <testcase name="addMasterLicense" time="38.054" classname="Distology.AddLicense"/>
</testsuite> <!-- Distology.AddLicense -->
