<?xml version="1.0" encoding="UTF-8"?>
<!-- Generated by org.testng.reporters.JUnitReportReporter -->
<testsuite skipped="0" hostname="QA102" name="Distology.customerNavigate" tests="2" failures="0" timestamp="07 Jun 2018 07:06:47 GMT" time="34.726" errors="0">
  <testcase name="customerNavigate" time="31.637" classname="Distology.customerNavigate"/>
  <testcase name="customerValidations" time="3.089" classname="Distology.customerNavigate"/>
</testsuite> <!-- Distology.customerNavigate -->
