<?xml version="1.0" encoding="UTF-8"?>
<!-- Generated by org.testng.reporters.JUnitReportReporter -->
<testsuite skipped="0" hostname="QA102" name="Distology.customerNavigate" tests="2" failures="0" timestamp="07 Jun 2018 06:53:59 GMT" time="48.566" errors="0">
  <testcase name="customerNavigate" time="42.333" classname="Distology.customerNavigate"/>
  <testcase name="customerValidations" time="6.233" classname="Distology.customerNavigate"/>
</testsuite> <!-- Distology.customerNavigate -->
