<?xml version="1.0" encoding="UTF-8"?>
<!-- Generated by org.testng.reporters.JUnitReportReporter -->
<testsuite skipped="0" hostname="QA102" name="Distology.AddLicense" tests="1" failures="0" timestamp="06 Jul 2018 07:10:59 GMT" time="55.580" errors="0">
  <testcase name="addMasterLicense" time="55.580" classname="Distology.AddLicense"/>
</testsuite> <!-- Distology.AddLicense -->
