<?xml version="1.0" encoding="UTF-8"?>
<!-- Generated by org.testng.reporters.JUnitReportReporter -->
<testsuite skipped="0" hostname="QA102" name="Distology.customerNavigate" tests="2" failures="0" timestamp="06 Jun 2018 13:15:12 GMT" time="32.004" errors="0">
  <testcase name="customerValidations" time="10.568" classname="Distology.customerNavigate"/>
  <testcase name="customerNavigate" time="21.436" classname="Distology.customerNavigate"/>
</testsuite> <!-- Distology.customerNavigate -->
