<?xml version="1.0" encoding="UTF-8"?>
<!-- Generated by org.testng.reporters.JUnitReportReporter -->
<testsuite skipped="1" hostname="QA102" name="Distology.VendorNavigate" tests="3" failures="0" timestamp="07 Jun 2018 07:06:47 GMT" time="28.480" errors="0">
  <testcase name="getVendor" time="2.050" classname="Distology.VendorNavigate"/>
  <testcase name="vendorNavigate" time="26.430" classname="Distology.VendorNavigate"/>
  <testcase name="addVendor" classname="Distology.VendorNavigate">
    <skipped/>
  </testcase> <!-- addVendor -->
</testsuite> <!-- Distology.VendorNavigate -->
