<?xml version="1.0" encoding="UTF-8"?>
<!-- Generated by org.testng.reporters.JUnitReportReporter -->
<testsuite skipped="0" hostname="QA102" name="Distology.customerNavigate" tests="2" failures="0" timestamp="06 Jul 2018 07:10:59 GMT" time="38.059" errors="0">
  <testcase name="customerNavigate" time="36.302" classname="Distology.customerNavigate"/>
  <testcase name="customerValidations" time="1.757" classname="Distology.customerNavigate"/>
</testsuite> <!-- Distology.customerNavigate -->
