<?xml version="1.0" encoding="UTF-8"?>
<!-- Generated by org.testng.reporters.JUnitReportReporter -->
<testsuite skipped="1" hostname="QA102" name="Distology.VendorNavigate" tests="3" failures="0" timestamp="06 Jul 2018 07:10:59 GMT" time="41.640" errors="0">
  <testcase name="vendorNavigate" time="39.628" classname="Distology.VendorNavigate"/>
  <testcase name="getVendor" time="2.012" classname="Distology.VendorNavigate"/>
  <testcase name="addVendor" classname="Distology.VendorNavigate">
    <skipped/>
  </testcase> <!-- addVendor -->
</testsuite> <!-- Distology.VendorNavigate -->
